  Renderer.cpp
C:\Program Files (x86)\Windows Kits\10\Include\10.0.18362.0\shared\minwindef.h(130,1): warning C4005: 'APIENTRY': macro redefinition
C:\projects\athena_engine\athena_linux\external\OpenGLRenderer\external\glfw-3.2.1.bin.WIN32\include\GLFW\glfw3.h(98): message : see previous definition of 'APIENTRY'
C:\projects\athena_engine\athena_linux\external\OpenGLRenderer\includes\Vector2.h(165,53): warning C4244: 'argument': conversion from 'int' to 'float', possible loss of data
C:\projects\athena_engine\athena_linux\external\OpenGLRenderer\includes\Vector2i.h(108,1): warning C4244: '*=': conversion from 'float' to 'int', possible loss of data
C:\projects\athena_engine\athena_linux\external\OpenGLRenderer\includes\Vector2i.h(109,1): warning C4244: '*=': conversion from 'float' to 'int', possible loss of data
C:\projects\athena_engine\athena_linux\external\OpenGLRenderer\includes\Vector2i.h(139,60): warning C4244: 'argument': conversion from 'float' to 'int', possible loss of data
C:\projects\athena_engine\athena_linux\external\OpenGLRenderer\includes\Vector2i.h(142,57): warning C4244: 'argument': conversion from 'float' to 'int', possible loss of data
C:\projects\athena_engine\athena_linux\external\OpenGLRenderer\includes\UniformMat4Array.h(37,17): warning C4018: '<': signed/unsigned mismatch
C:\projects\athena_engine\athena_linux\external\OpenGLRenderer\includes\UniformVec3Array.h(33,17): warning C4018: '<': signed/unsigned mismatch
C:\projects\athena_engine\athena_linux\external\OpenGLRenderer\includes\FileHelpers.h(136,38): warning C4101: 'ia': unreferenced local variable
C:\projects\athena_engine\athena_linux\external\OpenGLRenderer\includes\FileHelpers.h(150,38): warning C4101: 'ia': unreferenced local variable
C:\projects\athena_engine\athena_linux\external\OpenGLRenderer\includes\TimeManager.h(19,22): warning C4244: '=': conversion from '_Rep' to 'long', possible loss of data
          with
          [
              _Rep=__int64
          ]
C:\projects\athena_engine\athena_linux\external\OpenGLRenderer\includes\TimeManager.h(45,17): warning C4244: 'initializing': conversion from '_Rep' to 'long', possible loss of data
          with
          [
              _Rep=__int64
          ]
C:\projects\athena_engine\athena_linux\external\OpenGLRenderer\src\Renderer.cpp(80,42): warning C4244: 'argument': conversion from 'int' to 'float', possible loss of data
C:\projects\athena_engine\athena_linux\external\OpenGLRenderer\src\Renderer.cpp(426,42): warning C4244: 'argument': conversion from 'int' to 'float', possible loss of data
  OpenGLRenderer.vcxproj -> C:\projects\athena_engine\athena_linux\external\OpenGLRenderer\Debug\OpenGLRenderer.exe
