c:\dev\openglrenderer\debug\vc142.pdb
c:\dev\openglrenderer\debug\vc142.idb
c:\dev\openglrenderer\debug\halfedgemesh.obj
c:\dev\openglrenderer\debug\filewatcher.obj
c:\dev\openglrenderer\debug\entrypoint.obj
c:\dev\openglrenderer\debug\cubemap.obj
c:\dev\openglrenderer\debug\coorinateset.obj
c:\dev\openglrenderer\debug\colourrgba.obj
c:\dev\openglrenderer\debug\colour.obj
c:\dev\openglrenderer\debug\charactercontroller.obj
c:\dev\openglrenderer\debug\character.obj
c:\dev\openglrenderer\debug\binarywriter.obj
c:\dev\openglrenderer\debug\binaryreader.obj
c:\dev\openglrenderer\debug\animator.obj
c:\dev\openglrenderer\debug\animationdata.obj
c:\dev\openglrenderer\debug\animation.obj
c:\dev\openglrenderer\debug\animatedmodelshader.obj
c:\dev\openglrenderer\debug\animatedmodelrenderer.obj
c:\dev\openglrenderer\debug\animatedmodelloader.obj
c:\dev\openglrenderer\debug\animatedmodeldata.obj
c:\dev\openglrenderer\debug\animatedmodel.obj
c:\dev\openglrenderer\debug\aabb.obj
c:\dev\openglrenderer\debug\noisehelpers.obj
c:\dev\openglrenderer\debug\model.obj
c:\dev\openglrenderer\debug\meshdata.obj
c:\dev\openglrenderer\debug\meshbuffervao.obj
c:\dev\openglrenderer\debug\matrix4.obj
c:\dev\openglrenderer\debug\matrix3.obj
c:\dev\openglrenderer\debug\mathhelpers.obj
c:\dev\openglrenderer\debug\keyframedata.obj
c:\dev\openglrenderer\debug\keyframe.obj
c:\dev\openglrenderer\debug\jointtransformdata.obj
c:\dev\openglrenderer\debug\jointtransform.obj
c:\dev\openglrenderer\debug\jointdata.obj
c:\dev\openglrenderer\debug\joint.obj
c:\dev\openglrenderer\debug\iohelpers.obj
c:\dev\openglrenderer\debug\indexedtriangleset.obj
c:\dev\openglrenderer\debug\he_vertex.obj
c:\dev\openglrenderer\debug\he_pair.obj
c:\dev\openglrenderer\debug\he_face.obj
c:\dev\openglrenderer\debug\he_edge.obj
c:\dev\openglrenderer\debug\he_adjacencylist.obj
c:\dev\openglrenderer\debug\terrain.obj
c:\dev\openglrenderer\debug\systemtests.obj
c:\dev\openglrenderer\debug\stringhelpers.obj
c:\dev\openglrenderer\debug\skybox.obj
c:\dev\openglrenderer\debug\skinningdata.obj
c:\dev\openglrenderer\debug\skeletondata.obj
c:\dev\openglrenderer\debug\shaderprogram.obj
c:\dev\openglrenderer\debug\shaderhelpers.obj
c:\dev\openglrenderer\debug\renderer.obj
c:\dev\openglrenderer\debug\ray.obj
c:\dev\openglrenderer\debug\quaternion.obj
c:\dev\openglrenderer\debug\quadtree.obj
c:\dev\openglrenderer\debug\quad.obj
c:\dev\openglrenderer\debug\pugixml.obj
c:\dev\openglrenderer\debug\primitiveprocessor.obj
c:\dev\openglrenderer\debug\openglutils.obj
c:\dev\openglrenderer\debug\openglext.obj
c:\dev\openglrenderer\debug\octreerenderer.obj
c:\dev\openglrenderer\debug\octree.obj
c:\dev\openglrenderer\debug\nullable.obj
c:\dev\openglrenderer\debug\xmlcolladaloader.obj
c:\dev\openglrenderer\debug\xmlanimationloader.obj
c:\dev\openglrenderer\debug\wobj_mesh.obj
c:\dev\openglrenderer\debug\wobj_face.obj
c:\dev\openglrenderer\debug\wavefrontobjmeshimporter.obj
c:\dev\openglrenderer\debug\vertexskindata.obj
c:\dev\openglrenderer\debug\vertex.obj
c:\dev\openglrenderer\debug\vector4.obj
c:\dev\openglrenderer\debug\vector3.obj
c:\dev\openglrenderer\debug\vector2i.obj
c:\dev\openglrenderer\debug\vector2.obj
c:\dev\openglrenderer\debug\vbo.obj
c:\dev\openglrenderer\debug\vao.obj
c:\dev\openglrenderer\debug\triangle.obj
c:\dev\openglrenderer\debug\transform.obj
c:\dev\openglrenderer\debug\tgadecoder.obj
c:\dev\openglrenderer\debug\textureutils.obj
c:\dev\openglrenderer\debug\texturedata.obj
c:\dev\openglrenderer\debug\texturebuilder.obj
c:\dev\openglrenderer\debug\texture.obj
c:\dev\openglrenderer\debug\xmlskinloader.obj
c:\dev\openglrenderer\debug\xmlskeletonloader.obj
c:\dev\openglrenderer\debug\xmlhelpers.obj
c:\dev\openglrenderer\debug\xmlgeometryloader.obj
c:\dev\openglrenderer\debug\debug.obj
c:\dev\openglrenderer\debug\openglrenderer.exe
c:\dev\openglrenderer\debug\openglrenderer.ilk
c:\dev\openglrenderer\debug\openglrenderer.pdb
c:\dev\openglrenderer\debug\openglrenderer.tlog\cl.command.1.tlog
c:\dev\openglrenderer\debug\openglrenderer.tlog\cl.read.1.tlog
c:\dev\openglrenderer\debug\openglrenderer.tlog\cl.write.1.tlog
c:\dev\openglrenderer\debug\openglrenderer.tlog\link.command.1.tlog
c:\dev\openglrenderer\debug\openglrenderer.tlog\link.read.1.tlog
c:\dev\openglrenderer\debug\openglrenderer.tlog\link.write.1.tlog
